<?xml version="1.0" encoding="UTF-8"?>
<testng-results ignored="0" total="1" passed="1" failed="0" skipped="0">
  <reporter-output>
  </reporter-output>
  <suite started-at="2566-11-05T06:00:29 ICT" name="Default suite" finished-at="2566-11-05T06:00:29 ICT" duration-ms="59">
    <groups>
    </groups>
    <test started-at="2566-11-05T06:00:29 ICT" name="Default test" finished-at="2566-11-05T06:00:29 ICT" duration-ms="59">
      <class name="regularEx.CollectRegx">
        <test-method signature="getRegx()[pri:0, instance:regularEx.CollectRegx@3ee37e5a]" started-at="2566-11-05T06:00:29 ICT" name="getRegx" finished-at="2566-11-05T06:00:29 ICT" duration-ms="11" status="PASS">
          <reporter-output>
          </reporter-output>
        </test-method> <!-- getRegx -->
      </class> <!-- regularEx.CollectRegx -->
    </test> <!-- Default test -->
  </suite> <!-- Default suite -->
</testng-results>
